# JRE version: Java(TM) SE Runtime Environment (8.0_31-b13) (build 1.8.0_31-b13)
# Java VM: Java HotSpot(TM) 64-Bit Server VM (25.31-b07 mixed mode linux-amd64 compressed oops)
Heap:
 PSYoungGen      total 307200K, used 17919K [0x00000000d6e00000, 0x00000000eab80000, 0x0000000100000000)
  eden space 289280K, 0% used [0x00000000d6e00000,0x00000000d6e00000,0x00000000e8880000)
  from space 17920K, 99% used [0x00000000e8880000,0x00000000e99ffc48,0x00000000e9a00000)
  to   space 11264K, 0% used [0x00000000ea080000,0x00000000ea080000,0x00000000eab80000)
 ParOldGen       total 75776K, used 56383K [0x0000000084a00000, 0x0000000089400000, 0x00000000d6e00000)
  object space 75776K, 74% used [0x0000000084a00000,0x000000008810fe60,0x0000000089400000)
 Metaspace       used 31405K, capacity 32738K, committed 32896K, reserved 1079296K
  class space    used 3398K, capacity 3692K, committed 3712K, reserved 1048576K
GC Heap History (10 events):
Event: 33.099 GC heap after
Heap after GC invocations=9 (full 0):
 PSYoungGen      total 135680K, used 8700K [0x00000000d6e00000, 0x00000000e4b80000, 0x0000000100000000)
  eden space 126976K, 0% used [0x00000000d6e00000,0x00000000d6e00000,0x00000000dea00000)
  from space 8704K, 99% used [0x00000000dea00000,0x00000000df27f250,0x00000000df280000)
  to   space 11776K, 0% used [0x00000000e4000000,0x00000000e4000000,0x00000000e4b80000)
 ParOldGen       total 84992K, used 13898K [0x0000000084a00000, 0x0000000089d00000, 0x00000000d6e00000)
  object space 84992K, 16% used [0x0000000084a00000,0x0000000085792b10,0x0000000089d00000)
 Metaspace       used 20206K, capacity 20868K, committed 20992K, reserved 1067008K
  class space    used 2342K, capacity 2496K, committed 2560K, reserved 1048576K
}
Event: 34.164 GC heap before
{Heap before GC invocations=10 (full 0):
 PSYoungGen      total 135680K, used 45777K [0x00000000d6e00000, 0x00000000e4b80000, 0x0000000100000000)
  eden space 126976K, 29% used [0x00000000d6e00000,0x00000000d9235410,0x00000000dea00000)
  from space 8704K, 99% used [0x00000000dea00000,0x00000000df27f250,0x00000000df280000)
  to   space 11776K, 0% used [0x00000000e4000000,0x00000000e4000000,0x00000000e4b80000)
 ParOldGen       total 84992K, used 13898K [0x0000000084a00000, 0x0000000089d00000, 0x00000000d6e00000)
  object space 84992K, 16% used [0x0000000084a00000,0x0000000085792b10,0x0000000089d00000)
 Metaspace       used 20522K, capacity 21124K, committed 21248K, reserved 1069056K
  class space    used 2359K, capacity 2496K, committed 2560K, reserved 1048576K
Event: 34.203 GC heap after
Heap after GC invocations=10 (full 0):
 PSYoungGen      total 209408K, used 11763K [0x00000000d6e00000, 0x00000000e5680000, 0x0000000100000000)
  eden space 197632K, 0% used [0x00000000d6e00000,0x00000000d6e00000,0x00000000e2f00000)
  from space 11776K, 99% used [0x00000000e4000000,0x00000000e4b7cd78,0x00000000e4b80000)
  to   space 17408K, 0% used [0x00000000e2f00000,0x00000000e2f00000,0x00000000e4000000)
 ParOldGen       total 84992K, used 24588K [0x0000000084a00000, 0x0000000089d00000, 0x00000000d6e00000)
  object space 84992K, 28% used [0x0000000084a00000,0x0000000086203280,0x0000000089d00000)
 Metaspace       used 20522K, capacity 21124K, committed 21248K, reserved 1069056K
  class space    used 2359K, capacity 2496K, committed 2560K, reserved 1048576K
}
Event: 34.203 GC heap before
{Heap before GC invocations=11 (full 1):
 PSYoungGen      total 209408K, used 11763K [0x00000000d6e00000, 0x00000000e5680000, 0x0000000100000000)
  eden space 197632K, 0% used [0x00000000d6e00000,0x00000000d6e00000,0x00000000e2f00000)
  from space 11776K, 99% used [0x00000000e4000000,0x00000000e4b7cd78,0x00000000e4b80000)
  to   space 17408K, 0% used [0x00000000e2f00000,0x00000000e2f00000,0x00000000e4000000)
 ParOldGen       total 84992K, used 24588K [0x0000000084a00000, 0x0000000089d00000, 0x00000000d6e00000)
  object space 84992K, 28% used [0x0000000084a00000,0x0000000086203280,0x0000000089d00000)
 Metaspace       used 20522K, capacity 21124K, committed 21248K, reserved 1069056K
  class space    used 2359K, capacity 2496K, committed 2560K, reserved 1048576K
Event: 34.409 GC heap after
Heap after GC invocations=11 (full 1):
 PSYoungGen      total 209408K, used 0K [0x00000000d6e00000, 0x00000000e5680000, 0x0000000100000000)
  eden space 197632K, 0% used [0x00000000d6e00000,0x00000000d6e00000,0x00000000e2f00000)
  from space 11776K, 0% used [0x00000000e4000000,0x00000000e4000000,0x00000000e4b80000)
  to   space 17408K, 0% used [0x00000000e2f00000,0x00000000e2f00000,0x00000000e4000000)
 ParOldGen       total 75776K, used 31096K [0x0000000084a00000, 0x0000000089400000, 0x00000000d6e00000)
  object space 75776K, 41% used [0x0000000084a00000,0x000000008685e350,0x0000000089400000)
 Metaspace       used 20522K, capacity 21124K, committed 21248K, reserved 1069056K
  class space    used 2359K, capacity 2496K, committed 2560K, reserved 1048576K
}
Event: 40.463 GC heap before
{Heap before GC invocations=12 (full 1):
 PSYoungGen      total 209408K, used 197632K [0x00000000d6e00000, 0x00000000e5680000, 0x0000000100000000)
  eden space 197632K, 100% used [0x00000000d6e00000,0x00000000e2f00000,0x00000000e2f00000)
  from space 11776K, 0% used [0x00000000e4000000,0x00000000e4000000,0x00000000e4b80000)
  to   space 17408K, 0% used [0x00000000e2f00000,0x00000000e2f00000,0x00000000e4000000)
 ParOldGen       total 75776K, used 31096K [0x0000000084a00000, 0x0000000089400000, 0x00000000d6e00000)
  object space 75776K, 41% used [0x0000000084a00000,0x000000008685e350,0x0000000089400000)
 Metaspace       used 23286K, capacity 23974K, committed 24320K, reserved 1071104K
  class space    used 2550K, capacity 2697K, committed 2816K, reserved 1048576K
Event: 40.493 GC heap after
Heap after GC invocations=12 (full 1):
 PSYoungGen      total 215040K, used 15109K [0x00000000d6e00000, 0x00000000eb300000, 0x0000000100000000)
  eden space 197632K, 0% used [0x00000000d6e00000,0x00000000d6e00000,0x00000000e2f00000)
  from space 17408K, 86% used [0x00000000e2f00000,0x00000000e3dc14f0,0x00000000e4000000)
  to   space 18944K, 0% used [0x00000000ea080000,0x00000000ea080000,0x00000000eb300000)
 ParOldGen       total 75776K, used 31096K [0x0000000084a00000, 0x0000000089400000, 0x00000000d6e00000)
  object space 75776K, 41% used [0x0000000084a00000,0x000000008685e350,0x0000000089400000)
 Metaspace       used 23286K, capacity 23974K, committed 24320K, reserved 1071104K
  class space    used 2550K, capacity 2697K, committed 2816K, reserved 1048576K
}
Event: 130.811 GC heap before
{Heap before GC invocations=13 (full 1):
 PSYoungGen      total 215040K, used 212741K [0x00000000d6e00000, 0x00000000eb300000, 0x0000000100000000)
  eden space 197632K, 100% used [0x00000000d6e00000,0x00000000e2f00000,0x00000000e2f00000)
  from space 17408K, 86% used [0x00000000e2f00000,0x00000000e3dc14f0,0x00000000e4000000)
  to   space 18944K, 0% used [0x00000000ea080000,0x00000000ea080000,0x00000000eb300000)
 ParOldGen       total 75776K, used 31096K [0x0000000084a00000, 0x0000000089400000, 0x00000000d6e00000)
  object space 75776K, 41% used [0x0000000084a00000,0x000000008685e350,0x0000000089400000)
 Metaspace       used 24236K, capacity 25038K, committed 25216K, reserved 1071104K
  class space    used 2633K, capacity 2836K, committed 2944K, reserved 1048576K
Event: 130.910 GC heap after
Heap after GC invocations=13 (full 1):
 PSYoungGen      total 300544K, used 9167K [0x00000000d6e00000, 0x00000000eab80000, 0x0000000100000000)
  eden space 289280K, 0% used [0x00000000d6e00000,0x00000000d6e00000,0x00000000e8880000)
  from space 11264K, 81% used [0x00000000ea080000,0x00000000ea973d60,0x00000000eab80000)
  to   space 17920K, 0% used [0x00000000e8880000,0x00000000e8880000,0x00000000e9a00000)
 ParOldGen       total 75776K, used 43589K [0x0000000084a00000, 0x0000000089400000, 0x00000000d6e00000)
  object space 75776K, 57% used [0x0000000084a00000,0x0000000087491608,0x0000000089400000)
 Metaspace       used 24236K, capacity 25038K, committed 25216K, reserved 1071104K
  class space    used 2633K, capacity 2836K, committed 2944K, reserved 1048576K
}
Event: 899.818 GC heap before
{Heap before GC invocations=14 (full 1):
 PSYoungGen      total 300544K, used 298447K [0x00000000d6e00000, 0x00000000eab80000, 0x0000000100000000)
  eden space 289280K, 100% used [0x00000000d6e00000,0x00000000e8880000,0x00000000e8880000)
  from space 11264K, 81% used [0x00000000ea080000,0x00000000ea973d60,0x00000000eab80000)
  to   space 17920K, 0% used [0x00000000e8880000,0x00000000e8880000,0x00000000e9a00000)
 ParOldGen       total 75776K, used 43589K [0x0000000084a00000, 0x0000000089400000, 0x00000000d6e00000)
  object space 75776K, 57% used [0x0000000084a00000,0x0000000087491608,0x0000000089400000)
 Metaspace       used 31405K, capacity 32738K, committed 32896K, reserved 1079296K
  class space    used 3398K, capacity 3692K, committed 3712K, reserved 1048576K

